<?xml version="1.0" encoding="UTF-8"?>
<testng-results skipped="0" failed="0" total="1" passed="1">
  <reporter-output>
  </reporter-output>
  <suite name="Default suite" duration-ms="4999" started-at="2016-03-13T07:56:55Z" finished-at="2016-03-13T07:57:00Z">
    <groups>
    </groups>
    <test name="Default test" duration-ms="4999" started-at="2016-03-13T07:56:55Z" finished-at="2016-03-13T07:57:00Z">
      <class name="com.github.venkateshamurthy.util.tostring.TestToLevelledString">
        <test-method status="PASS" signature="testToLevelledString()[pri:0, instance:com.github.venkateshamurthy.util.tostring.TestToLevelledString@7481e395]" name="testToLevelledString" duration-ms="4953" started-at="2016-03-13T13:26:55Z" finished-at="2016-03-13T13:27:00Z">
          <reporter-output>
          </reporter-output>
        </test-method> <!-- testToLevelledString -->
      </class> <!-- com.github.venkateshamurthy.util.tostring.TestToLevelledString -->
    </test> <!-- Default test -->
  </suite> <!-- Default suite -->
</testng-results>
