<?xml version="1.0" encoding="UTF-8"?>
<testng-results skipped="0" failed="0" total="1" passed="1">
  <reporter-output>
  </reporter-output>
  <suite name="Default suite" duration-ms="303" started-at="2016-03-12T21:16:25Z" finished-at="2016-03-12T21:16:25Z">
    <groups>
      <group name="common">
        <method signature="TestLoggingLevelledToString.testManager()[pri:0, instance:com.github.venkateshamurthy.util.tostring.examples.TestLoggingLevelledToString@3929d28]" name="testManager" class="com.github.venkateshamurthy.util.tostring.examples.TestLoggingLevelledToString"/>
      </group> <!-- common -->
    </groups>
    <test name="Default test" duration-ms="303" started-at="2016-03-12T21:16:25Z" finished-at="2016-03-12T21:16:25Z">
      <class name="com.github.venkateshamurthy.util.tostring.examples.TestLoggingLevelledToString">
        <test-method status="PASS" signature="setUp()[pri:0, instance:com.github.venkateshamurthy.util.tostring.examples.TestLoggingLevelledToString@3929d28]" name="setUp" is-config="true" duration-ms="172" started-at="2016-03-13T02:46:25Z" finished-at="2016-03-13T02:46:25Z">
          <reporter-output>
          </reporter-output>
        </test-method> <!-- setUp -->
        <test-method status="PASS" signature="testManager()[pri:0, instance:com.github.venkateshamurthy.util.tostring.examples.TestLoggingLevelledToString@3929d28]" name="testManager" duration-ms="116" started-at="2016-03-13T02:46:25Z" finished-at="2016-03-13T02:46:25Z">
          <reporter-output>
          </reporter-output>
        </test-method> <!-- testManager -->
        <test-method status="PASS" signature="tearDown()[pri:0, instance:com.github.venkateshamurthy.util.tostring.examples.TestLoggingLevelledToString@3929d28]" name="tearDown" is-config="true" duration-ms="0" started-at="2016-03-13T02:46:25Z" finished-at="2016-03-13T02:46:25Z">
          <reporter-output>
          </reporter-output>
        </test-method> <!-- tearDown -->
      </class> <!-- com.github.venkateshamurthy.util.tostring.examples.TestLoggingLevelledToString -->
    </test> <!-- Default test -->
  </suite> <!-- Default suite -->
</testng-results>
