<?xml version="1.0" encoding="UTF-8"?>
<!-- Generated by org.testng.reporters.JUnitXMLReporter -->
<testsuite hostname="BLR-MURTHYV" name="Default test" tests="10" failures="0" timestamp="11 Mar 2016 18:52:14 GMT" time="0.517" errors="0">
  <testcase name="test1" time="0.111" classname="com.github.venkateshamurthy.util.logging.TestCustomFormattingLog4jLoggerAdapter"/>
  <testcase name="test2" time="0.032" classname="com.github.venkateshamurthy.util.logging.TestCustomFormattingLog4jLoggerAdapter"/>
  <testcase name="test2_Primitives" time="0.015" classname="com.github.venkateshamurthy.util.logging.TestCustomFormattingLog4jLoggerAdapter"/>
  <testcase name="testEscapes" time="0.016" classname="com.github.venkateshamurthy.util.logging.TestCustomFormattingLog4jLoggerAdapter"/>
  <testcase name="testMDC" time="0.016" classname="com.github.venkateshamurthy.util.logging.TestCustomFormattingLog4jLoggerAdapter"/>
  <testcase name="testMDCContextMapValues" time="0.0" classname="com.github.venkateshamurthy.util.logging.TestCustomFormattingLog4jLoggerAdapter"/>
  <testcase name="testMarker" time="0.016" classname="com.github.venkateshamurthy.util.logging.TestCustomFormattingLog4jLoggerAdapter"/>
  <testcase name="testNull" time="0.0" classname="com.github.venkateshamurthy.util.logging.TestCustomFormattingLog4jLoggerAdapter"/>
  <testcase name="testNullParameter" time="0.0" classname="com.github.venkateshamurthy.util.logging.TestCustomFormattingLog4jLoggerAdapter"/>
  <testcase name="testTrace" time="0.0" classname="com.github.venkateshamurthy.util.logging.TestCustomFormattingLog4jLoggerAdapter"/>
</testsuite> <!-- Default test -->
